F:\WORK\2018\BEAMFORMING\C\OMLSA\OMLSA\DEBUG\OMLSA.EXE
F:\WORK\2018\BEAMFORMING\C\OMLSA\OMLSA\DEBUG\OMLSA.ILK
F:\WORK\2018\BEAMFORMING\C\OMLSA\OMLSA\DEBUG\OMLSA.PDB
F:\Work\2018\Beamforming\C\omlsa\omlsa\omlsa\Debug\cl.command.1.tlog
F:\Work\2018\Beamforming\C\omlsa\omlsa\omlsa\Debug\CL.read.1.tlog
F:\Work\2018\Beamforming\C\omlsa\omlsa\omlsa\Debug\CL.write.1.tlog
F:\WORK\2018\BEAMFORMING\C\OMLSA\OMLSA\OMLSA\DEBUG\CONV.OBJ
F:\WORK\2018\BEAMFORMING\C\OMLSA\OMLSA\OMLSA\DEBUG\DM_ANC_WIN_FFT.OBJ
F:\WORK\2018\BEAMFORMING\C\OMLSA\OMLSA\OMLSA\DEBUG\EXPINT.OBJ
F:\WORK\2018\BEAMFORMING\C\OMLSA\OMLSA\OMLSA\DEBUG\FFT.OBJ
F:\WORK\2018\BEAMFORMING\C\OMLSA\OMLSA\OMLSA\DEBUG\IFFT.OBJ
F:\WORK\2018\BEAMFORMING\C\OMLSA\OMLSA\OMLSA\DEBUG\IFFT_LOCAL.OBJ
F:\Work\2018\Beamforming\C\omlsa\omlsa\omlsa\Debug\link.command.1.tlog
F:\Work\2018\Beamforming\C\omlsa\omlsa\omlsa\Debug\link.read.1.tlog
F:\Work\2018\Beamforming\C\omlsa\omlsa\omlsa\Debug\link.write.1.tlog
F:\WORK\2018\BEAMFORMING\C\OMLSA\OMLSA\OMLSA\DEBUG\MAIN.OBJ
F:\Work\2018\Beamforming\C\omlsa\omlsa\omlsa\Debug\mt.command.1.tlog
F:\Work\2018\Beamforming\C\omlsa\omlsa\omlsa\Debug\mt.read.1.tlog
F:\Work\2018\Beamforming\C\omlsa\omlsa\omlsa\Debug\mt.write.1.tlog
F:\WORK\2018\BEAMFORMING\C\OMLSA\OMLSA\OMLSA\DEBUG\OMLSA.EXE.INTERMEDIATE.MANIFEST
F:\WORK\2018\BEAMFORMING\C\OMLSA\OMLSA\OMLSA\DEBUG\OMLSA.OBJ
F:\Work\2018\Beamforming\C\omlsa\omlsa\omlsa\Debug\omlsa.vcxprojResolveAssemblyReference.cache
F:\Work\2018\Beamforming\C\omlsa\omlsa\omlsa\Debug\omlsa.write.1.tlog
F:\Work\2018\Beamforming\C\omlsa\omlsa\omlsa\Debug\vc100.idb
F:\WORK\2018\BEAMFORMING\C\OMLSA\OMLSA\OMLSA\DEBUG\VC100.PDB
