F:\WORK\2018\BEAMFORMING\C\OMLSA\OMLSA-GIT\DEBUG\OMLSA_OPTIMIZE.EXE
F:\WORK\2018\BEAMFORMING\C\OMLSA\OMLSA-GIT\DEBUG\OMLSA_OPTIMIZE.ILK
F:\WORK\2018\BEAMFORMING\C\OMLSA\OMLSA-GIT\DEBUG\OMLSA_OPTIMIZE.PDB
F:\Work\2018\Beamforming\C\omlsa\omlsa-git\omlsa_optimize\Debug\cl.command.1.tlog
F:\Work\2018\Beamforming\C\omlsa\omlsa-git\omlsa_optimize\Debug\CL.read.1.tlog
F:\Work\2018\Beamforming\C\omlsa\omlsa-git\omlsa_optimize\Debug\CL.write.1.tlog
F:\WORK\2018\BEAMFORMING\C\OMLSA\OMLSA-GIT\OMLSA_OPTIMIZE\DEBUG\CONV.OBJ
F:\WORK\2018\BEAMFORMING\C\OMLSA\OMLSA-GIT\OMLSA_OPTIMIZE\DEBUG\EXPINT.OBJ
F:\WORK\2018\BEAMFORMING\C\OMLSA\OMLSA-GIT\OMLSA_OPTIMIZE\DEBUG\FFT.OBJ
F:\WORK\2018\BEAMFORMING\C\OMLSA\OMLSA-GIT\OMLSA_OPTIMIZE\DEBUG\IFFT.OBJ
F:\Work\2018\Beamforming\C\omlsa\omlsa-git\omlsa_optimize\Debug\link.command.1.tlog
F:\Work\2018\Beamforming\C\omlsa\omlsa-git\omlsa_optimize\Debug\link.read.1.tlog
F:\Work\2018\Beamforming\C\omlsa\omlsa-git\omlsa_optimize\Debug\link.write.1.tlog
F:\WORK\2018\BEAMFORMING\C\OMLSA\OMLSA-GIT\OMLSA_OPTIMIZE\DEBUG\MAIN.OBJ
F:\Work\2018\Beamforming\C\omlsa\omlsa-git\omlsa_optimize\Debug\mt.command.1.tlog
F:\Work\2018\Beamforming\C\omlsa\omlsa-git\omlsa_optimize\Debug\mt.read.1.tlog
F:\Work\2018\Beamforming\C\omlsa\omlsa-git\omlsa_optimize\Debug\mt.write.1.tlog
F:\WORK\2018\BEAMFORMING\C\OMLSA\OMLSA-GIT\OMLSA_OPTIMIZE\DEBUG\OMLSA.OBJ
F:\WORK\2018\BEAMFORMING\C\OMLSA\OMLSA-GIT\OMLSA_OPTIMIZE\DEBUG\OMLSA_OPTIMIZE.EXE.INTERMEDIATE.MANIFEST
F:\Work\2018\Beamforming\C\omlsa\omlsa-git\omlsa_optimize\Debug\omlsa_optimize.write.1.tlog
F:\Work\2018\Beamforming\C\omlsa\omlsa-git\omlsa_optimize\Debug\vc100.idb
F:\WORK\2018\BEAMFORMING\C\OMLSA\OMLSA-GIT\OMLSA_OPTIMIZE\DEBUG\VC100.PDB
